<?xml version="1.0" encoding="UTF-8"?>
<testsuite name="se.kth.sda.ProductsTests" tests="3" skipped="0" failures="0" errors="0" timestamp="2019-10-22T17:38:26" hostname="n140-p26.eduroam.kth.se" time="0.001">
  <properties/>
  <testcase name="testGetSn" classname="se.kth.sda.ProductsTests" time="0.0"/>
  <testcase name="testGetFett" classname="se.kth.sda.ProductsTests" time="0.0"/>
  <testcase name="testGetProtein" classname="se.kth.sda.ProductsTests" time="0.0"/>
  <system-out><![CDATA[]]></system-out>
  <system-err><![CDATA[]]></system-err>
</testsuite>
